%!Adobe-FontList 1.20
%Locale:0x404

%BeginFont
Handler:DirectoryHandler
FontType:TrueType
FontName:fontello
FamilyName:fontello
StyleName:Regular
FullName:fontello
MenuName:fontello
StyleBits:0
WritingScript:Roman
OutlineFileName:C:\Users\leyan\Desktop\品森提案\Font\fontello.ttf
DataFormat:sfntData
hasSVG:no
VariableFontType:NonVariableFont
FileLength:10024
FileModTime:1575751396
WeightClass:400
WidthClass:5
AngleClass:0
NameArray:0,Mac,4,fontello
NameArray:0,Win,1,fontello
%EndFont

%BeginFont
Handler:DirectoryHandler
FontType:Invalid
OutlineFileName:C:\Users\leyan\Desktop\品森提案\Font\fontello.woff
FileModTime:1575751396
%EndFont

%BeginFont
Handler:DirectoryHandler
FontType:Invalid
OutlineFileName:C:\Users\leyan\Desktop\品森提案\Font\fontello.woff2
FileModTime:1575751396
%EndFont

